2023-09-27 11:48:25 - Cannot register two routes matching "" for method "GET"
2023-09-27 11:48:28 - Cannot register two routes matching "" for method "GET"
2023-09-27 11:56:14 - Cannot register two routes matching "" for method "GET"
2023-09-27 11:56:16 - Cannot register two routes matching "" for method "GET"
2023-09-27 11:56:50 - Cannot register two routes matching "" for method "GET"
2023-09-27 11:56:52 - Cannot register two routes matching "" for method "GET"
2023-09-27 11:57:58 - Cannot register two routes matching "" for method "GET"
2023-09-27 11:58:01 - Cannot register two routes matching "" for method "GET"
2023-09-27 11:58:12 - Cannot register two routes matching "" for method "GET"
2023-09-27 11:58:16 - Cannot register two routes matching "" for method "GET"
2023-09-27 11:59:16 - Cannot register two routes matching "" for method "GET"
2023-09-27 13:02:10 - Cannot register two routes matching "" for method "GET"
2023-09-27 13:02:12 - Cannot register two routes matching "" for method "GET"
2023-09-27 13:03:04 - Cannot register two routes matching "" for method "GET"
2023-09-27 13:04:51 - Cannot register two routes matching "" for method "GET"
2023-09-27 13:04:53 - Cannot register two routes matching "" for method "GET"
2023-09-27 13:04:58 - Cannot register two routes matching "" for method "GET"
2023-09-27 13:04:59 - Cannot register two routes matching "" for method "GET"
2023-09-27 13:05:14 - Cannot register two routes matching "" for method "GET"
2023-09-27 13:05:16 - Cannot register two routes matching "" for method "GET"
2023-09-27 13:05:19 - Cannot register two routes matching "" for method "GET"
2023-09-27 13:05:21 - Cannot register two routes matching "" for method "GET"
2023-09-27 13:42:49 - Cannot register two routes matching "" for method "GET"
2023-09-27 13:42:50 - Cannot register two routes matching "" for method "GET"
2023-09-27 13:48:23 - Cannot register two routes matching "" for method "GET"
2023-09-27 13:48:24 - Cannot register two routes matching "" for method "GET"
2023-09-27 13:48:31 - Cannot register two routes matching "" for method "GET"
2023-09-27 13:48:33 - Cannot register two routes matching "" for method "GET"
2023-09-27 13:49:09 - Cannot register two routes matching "" for method "GET"
2023-09-27 13:49:11 - Cannot register two routes matching "" for method "GET"
2023-09-27 13:49:27 - Cannot register two routes matching "" for method "GET"
2023-09-27 13:49:28 - Cannot register two routes matching "" for method "GET"
2023-09-27 14:04:54 - Cannot register two routes matching "" for method "GET"
2023-09-27 14:14:02 - Cannot register two routes matching "/" for method "GET"
2023-09-27 14:14:04 - Cannot register two routes matching "/" for method "GET"
2023-09-27 14:14:12 - Cannot register two routes matching "" for method "GET"
2023-09-27 14:14:13 - Cannot register two routes matching "" for method "GET"
2023-09-27 14:15:16 - Method not allowed. Must be one of: PUT, DELETE
2023-09-27 14:15:17 - Method not allowed. Must be one of: PUT, DELETE
2023-09-27 14:16:21 - Not found.
2023-09-27 14:16:23 - Not found.
2023-09-27 14:16:37 - Not found.
2023-09-27 14:16:38 - Not found.
2023-09-27 14:16:49 - Method not allowed. Must be one of: PUT
2023-09-27 14:16:50 - Method not allowed. Must be one of: PUT
2023-09-27 14:18:22 - Method not allowed. Must be one of: PUT, DELETE
2023-09-27 14:18:24 - Method not allowed. Must be one of: PUT, DELETE
2023-09-27 14:18:31 - Method not allowed. Must be one of: PUT, DELETE
2023-09-27 14:18:32 - Method not allowed. Must be one of: PUT, DELETE
2023-09-27 14:26:30 - Not found.
2023-09-27 14:26:31 - Method not allowed. Must be one of: PUT, DELETE
2023-09-27 14:26:52 - Method not allowed. Must be one of: PUT, DELETE
2023-09-27 14:26:53 - Method not allowed. Must be one of: PUT, DELETE
2023-09-27 14:27:02 - Not found.
2023-09-27 14:27:04 - Method not allowed. Must be one of: PUT, DELETE
2023-09-27 14:27:26 - Not found.
2023-09-27 14:27:27 - Method not allowed. Must be one of: PUT, DELETE
2023-09-27 14:27:49 - Cannot register two routes matching "/" for method "GET"
2023-09-27 14:27:50 - Cannot register two routes matching "/" for method "GET"
2023-09-27 14:50:25 - Not found.
2023-09-27 14:50:26 - Not found.
2023-09-27 14:51:20 - Not found.
2023-09-27 14:51:21 - Not found.
2023-09-27 14:52:01 - Cannot register two routes matching "" for method "GET"
2023-09-27 14:52:03 - Cannot register two routes matching "" for method "GET"
2023-09-27 14:54:38 - Cannot register two routes matching "" for method "GET"
2023-09-27 14:54:39 - Cannot register two routes matching "" for method "GET"
2023-09-27 14:55:29 - Not found.
2023-09-27 14:55:31 - Not found.
2023-09-27 14:55:43 - Cannot register two routes matching "/" for method "GET"
2023-09-27 14:55:44 - Cannot register two routes matching "/" for method "GET"
2023-09-27 14:55:49 - Cannot register two routes matching "/" for method "GET"
2023-09-27 14:55:50 - Cannot register two routes matching "/" for method "GET"
2023-09-27 15:00:39 - Not found.
2023-09-27 15:00:41 - Not found.
2023-09-27 15:00:51 - Not found.
2023-09-27 15:00:52 - Not found.
